<?xml version="1.0" encoding="UTF-8"?>
<!-- Generated by org.testng.reporters.JUnitXMLReporter -->
<testsuite ignored="0" hostname="Pawan" failures="0" tests="4" name="Surefire test" time="6.698" errors="0" timestamp="2023-07-17T14:14:53 PDT">
  <testcase classname="api.test.TestBookingFlow" name="test_CreateBooking" time="0.519"/>
  <testcase classname="api.test.TestBookingFlow" name="test_GetBooking" time="0.488"/>
  <testcase classname="api.test.TestBookingFlow" name="test_PartialUpdateBooking" time="0.471"/>
  <testcase classname="api.test.TestBookingFlow" name="test_DeleteBooking" time="0.444"/>
</testsuite> <!-- Surefire test -->
