<?xml version="1.0" encoding="UTF-8"?>
<!-- Generated by org.testng.reporters.JUnitXMLReporter -->
<testsuite ignored="0" hostname="Pawan" failures="0" tests="4" name="Default test" time="5.883" errors="0" timestamp="2023-07-17T14:04:43 PDT">
  <testcase classname="api.test.TestBookingFlow" name="test_CreateBooking" time="0.5"/>
  <testcase classname="api.test.TestBookingFlow" name="test_GetBooking" time="0.509"/>
  <testcase classname="api.test.TestBookingFlow" name="test_PartialUpdateBooking" time="0.446"/>
  <testcase classname="api.test.TestBookingFlow" name="test_DeleteBooking" time="0.455"/>
</testsuite> <!-- Default test -->
