<?xml version="1.0" encoding="UTF-8"?>
<!-- Generated by org.testng.reporters.JUnitXMLReporter -->
<testsuite ignored="0" hostname="Pawan" failures="0" tests="4" name="Test" time="5.527" errors="0" timestamp="2023-07-17T16:24:18 PDT">
  <testcase classname="api.test.TestBookingFlow" name="test_CreateBooking" time="0.49"/>
  <testcase classname="api.test.TestBookingFlow" name="test_GetBooking" time="0.497"/>
  <testcase classname="api.test.TestBookingFlow" name="test_PartialUpdateBooking" time="0.464"/>
  <testcase classname="api.test.TestBookingFlow" name="test_DeleteBooking" time="0.448"/>
</testsuite> <!-- Test -->
