<?xml version="1.0" encoding="UTF-8"?>
<!-- Generated by org.testng.reporters.JUnitXMLReporter -->
<testsuite ignored="0" hostname="Pawan" failures="1" tests="4" name="Test" time="5.634" errors="0" timestamp="2023-07-17T14:12:24 PDT">
  <testcase classname="api.test.TestBookingFlow" name="test_CreateBooking" time="0.507"/>
  <testcase classname="api.test.TestBookingFlow" name="test_GetBooking" time="0.505"/>
  <testcase classname="api.test.TestBookingFlow" name="test_PartialUpdateBooking" time="0.494">
    <failure type="java.lang.AssertionError" message="expected [200] but found [405]">
      <![CDATA[java.lang.AssertionError: expected [200] but found [405]
at api.test.TestBookingFlow.test_PartialUpdateBooking(TestBookingFlow.java:64)
at java.base/java.util.ArrayList.forEach(ArrayList.java:1511)
... Removed 33 stack frames]]>
    </failure>
  </testcase> <!-- test_PartialUpdateBooking -->
  <testcase classname="api.test.TestBookingFlow" name="test_DeleteBooking" time="0.435"/>
</testsuite> <!-- Test -->
