<?xml version="1.0" encoding="UTF-8"?>
<!-- Generated by org.testng.reporters.JUnitXMLReporter -->
<testsuite ignored="0" hostname="Pawan" failures="0" tests="4" name="Test" time="6.308" errors="0" timestamp="2023-07-17T21:10:00 PDT">
  <testcase classname="api.test.TestBookingFlow" name="test_CreateBooking" time="0.518"/>
  <testcase classname="api.test.TestBookingFlow" name="test_GetBooking" time="0.541"/>
  <testcase classname="api.test.TestBookingFlow" name="test_PartialUpdateBooking" time="0.448"/>
  <testcase classname="api.test.TestBookingFlow" name="test_DeleteBooking" time="0.419"/>
</testsuite> <!-- Test -->
