<?xml version="1.0" encoding="UTF-8"?>
<testsuite xmlns:xsi="http://www.w3.org/2001/XMLSchema-instance" xsi:noNamespaceSchemaLocation="https://maven.apache.org/surefire/maven-surefire-plugin/xsd/surefire-test-report.xsd" name="api.test.TestBookingFlow" time="7.098" tests="4" errors="0" skipped="0" failures="0">
  <properties>
[...]
</properties>
  <testcase name="test_CreateBooking" classname="api.test.TestBookingFlow" time="0.517"/>
  <testcase name="test_GetBooking" classname="api.test.TestBookingFlow" time="0.488"/>
  <testcase name="test_PartialUpdateBooking" classname="api.test.TestBookingFlow" time="0.472"/>
  <testcase name="test_DeleteBooking" classname="api.test.TestBookingFlow" time="0.443"/>
</testsuite>