<?xml version="1.0" encoding="UTF-8"?>
<testng-results ignored="0" total="4" passed="4" failed="0" skipped="0">
  <reporter-output>
  </reporter-output>
  <suite started-at="2023-07-17T14:14:46 PDT" name="Surefire suite" finished-at="2023-07-17T14:14:53 PDT" duration-ms="6698">
    <groups>
    </groups>
    <test started-at="2023-07-17T14:14:46 PDT" name="Surefire test" finished-at="2023-07-17T14:14:53 PDT" duration-ms="6698">
      <class name="api.test.TestBookingFlow">
        <test-method is-config="true" signature="setup()[pri:0, instance:api.test.TestBookingFlow@4de5031f]" started-at="2023-07-17T14:14:46 PDT" name="setup" finished-at="2023-07-17T14:14:51 PDT" duration-ms="4733" status="PASS">
          <reporter-output>
          </reporter-output>
        </test-method> <!-- setup -->
        <test-method signature="test_CreateBooking()[pri:1, instance:api.test.TestBookingFlow@4de5031f]" started-at="2023-07-17T14:14:51 PDT" name="test_CreateBooking" finished-at="2023-07-17T14:14:51 PDT" duration-ms="519" status="PASS">
          <reporter-output>
          </reporter-output>
        </test-method> <!-- test_CreateBooking -->
        <test-method signature="test_GetBooking()[pri:2, instance:api.test.TestBookingFlow@4de5031f]" started-at="2023-07-17T14:14:51 PDT" name="test_GetBooking" finished-at="2023-07-17T14:14:52 PDT" depends-on-methods="api.test.TestBookingFlow.test_CreateBooking" duration-ms="488" status="PASS">
          <reporter-output>
          </reporter-output>
        </test-method> <!-- test_GetBooking -->
        <test-method signature="test_PartialUpdateBooking()[pri:3, instance:api.test.TestBookingFlow@4de5031f]" started-at="2023-07-17T14:14:52 PDT" name="test_PartialUpdateBooking" finished-at="2023-07-17T14:14:52 PDT" depends-on-methods="api.test.TestBookingFlow.test_CreateBooking" duration-ms="471" status="PASS">
          <reporter-output>
          </reporter-output>
        </test-method> <!-- test_PartialUpdateBooking -->
        <test-method signature="test_DeleteBooking()[pri:4, instance:api.test.TestBookingFlow@4de5031f]" started-at="2023-07-17T14:14:52 PDT" name="test_DeleteBooking" finished-at="2023-07-17T14:14:53 PDT" depends-on-methods="api.test.TestBookingFlow.test_CreateBooking" duration-ms="444" status="PASS">
          <reporter-output>
          </reporter-output>
        </test-method> <!-- test_DeleteBooking -->
      </class> <!-- api.test.TestBookingFlow -->
    </test> <!-- Surefire test -->
  </suite> <!-- Surefire suite -->
</testng-results>
