<?xml version="1.0" encoding="UTF-8"?>
<testng-results ignored="0" total="4" passed="4" failed="0" skipped="0">
  <reporter-output>
  </reporter-output>
  <suite started-at="2023-07-17T21:09:54 PDT" name="Suite" finished-at="2023-07-17T21:10:00 PDT" duration-ms="6308">
    <groups>
    </groups>
    <test started-at="2023-07-17T21:09:54 PDT" name="Test" finished-at="2023-07-17T21:10:00 PDT" duration-ms="6308">
      <class name="api.test.TestBookingFlow">
        <test-method is-config="true" signature="setup()[pri:0, instance:api.test.TestBookingFlow@6580cfdd]" started-at="2023-07-17T21:09:54 PDT" name="setup" finished-at="2023-07-17T21:09:58 PDT" duration-ms="4005" status="PASS">
          <reporter-output>
          </reporter-output>
        </test-method> <!-- setup -->
        <test-method signature="test_CreateBooking()[pri:1, instance:api.test.TestBookingFlow@6580cfdd]" started-at="2023-07-17T21:09:58 PDT" name="test_CreateBooking" finished-at="2023-07-17T21:09:59 PDT" duration-ms="518" status="PASS">
          <reporter-output>
          </reporter-output>
        </test-method> <!-- test_CreateBooking -->
        <test-method signature="test_GetBooking()[pri:2, instance:api.test.TestBookingFlow@6580cfdd]" started-at="2023-07-17T21:09:59 PDT" name="test_GetBooking" finished-at="2023-07-17T21:09:59 PDT" depends-on-methods="api.test.TestBookingFlow.test_CreateBooking" duration-ms="541" status="PASS">
          <reporter-output>
          </reporter-output>
        </test-method> <!-- test_GetBooking -->
        <test-method signature="test_PartialUpdateBooking()[pri:3, instance:api.test.TestBookingFlow@6580cfdd]" started-at="2023-07-17T21:09:59 PDT" name="test_PartialUpdateBooking" finished-at="2023-07-17T21:10:00 PDT" depends-on-methods="api.test.TestBookingFlow.test_CreateBooking" duration-ms="448" status="PASS">
          <reporter-output>
          </reporter-output>
        </test-method> <!-- test_PartialUpdateBooking -->
        <test-method signature="test_DeleteBooking()[pri:4, instance:api.test.TestBookingFlow@6580cfdd]" started-at="2023-07-17T21:10:00 PDT" name="test_DeleteBooking" finished-at="2023-07-17T21:10:00 PDT" depends-on-methods="api.test.TestBookingFlow.test_CreateBooking" duration-ms="419" status="PASS">
          <reporter-output>
          </reporter-output>
        </test-method> <!-- test_DeleteBooking -->
      </class> <!-- api.test.TestBookingFlow -->
    </test> <!-- Test -->
  </suite> <!-- Suite -->
</testng-results>
