<?xml version="1.0" encoding="UTF-8"?>
<testsuite xmlns:xsi="http://www.w3.org/2001/XMLSchema-instance" xsi:noNamespaceSchemaLocation="https://maven.apache.org/surefire/maven-surefire-plugin/xsd/surefire-test-report-3.0.xsd" version="3.0" name="TestSuite" time="7.146" tests="4" errors="0" skipped="0" failures="0">
  <properties>
[...]
</properties>
  <testcase name="test_CreateBooking" classname="api.test.TestBookingFlow" time="0.532">
    <system-out><![CDATA[HTTP/1.1 200 OK
Server: Cowboy
Connection: keep-alive
X-Powered-By: Express
Content-Type: application/json; charset=utf-8
Content-Length: 27
Etag: W/"1b-aN+0KRd2HjvlQpqOGnDQXAfmLgI"
Date: Tue, 18 Jul 2023 04:09:56 GMT
Via: 1.1 vegur

{
    "token": "31abc9c55764800"
}
HTTP/1.1 200 OK
Server: Cowboy
Connection: keep-alive
X-Powered-By: Express
Content-Type: application/json; charset=utf-8
Content-Length: 198
Etag: W/"c6-XmJDJId6bWUyWtFPM+Dyb0pfkXI"
Date: Tue, 18 Jul 2023 04:09:58 GMT
Via: 1.1 vegur

{
    "bookingid": 351,
    "booking": {
        "firstname": "Joseph",
        "lastname": "Muller",
        "totalprice": 1053,
        "depositpaid": false,
        "bookingdates": {
            "checkin": "2023-07-22",
            "checkout": "2023-07-19"
        },
        "additionalneeds": "Lunch"
    }
}
]]></system-out>
  </testcase>
  <testcase name="test_GetBooking" classname="api.test.TestBookingFlow" time="0.541">
    <system-out><![CDATA[HTTP/1.1 200 OK
Server: Cowboy
Connection: keep-alive
X-Powered-By: Express
Content-Type: application/json; charset=utf-8
Content-Length: 170
Etag: W/"aa-B6qcztN9ohH3LOE27+vRh46bzOQ"
Date: Tue, 18 Jul 2023 04:09:59 GMT
Via: 1.1 vegur

{
    "firstname": "Joseph",
    "lastname": "Muller",
    "totalprice": 1053,
    "depositpaid": false,
    "bookingdates": {
        "checkin": "2023-07-22",
        "checkout": "2023-07-19"
    },
    "additionalneeds": "Lunch"
}
]]></system-out>
  </testcase>
  <testcase name="test_PartialUpdateBooking" classname="api.test.TestBookingFlow" time="0.452">
    <system-out><![CDATA[HTTP/1.1 200 OK
Server: Cowboy
Connection: keep-alive
X-Powered-By: Express
Content-Type: application/json; charset=utf-8
Content-Length: 168
Etag: W/"a8-+EjqxY/M8OOoUTMnlmbszwnXHVM"
Date: Tue, 18 Jul 2023 04:09:59 GMT
Via: 1.1 vegur

{
    "firstname": "Bob",
    "lastname": "Smith",
    "totalprice": 111,
    "depositpaid": true,
    "bookingdates": {
        "checkin": "2018-01-01",
        "checkout": "2019-01-01"
    },
    "additionalneeds": "Breakfast"
}
]]></system-out>
  </testcase>
  <testcase name="test_DeleteBooking" classname="api.test.TestBookingFlow" time="0.419">
    <system-out><![CDATA[HTTP/1.1 201 Created
Server: Cowboy
Connection: keep-alive
X-Powered-By: Express
Content-Type: text/plain; charset=utf-8
Content-Length: 7
Etag: W/"7-rM9AyJuqT6iOan/xHh+AW+7K/T8"
Date: Tue, 18 Jul 2023 04:09:59 GMT
Via: 1.1 vegur

Created
]]></system-out>
  </testcase>
</testsuite>