<?xml version="1.0" encoding="UTF-8"?>
<testng-results ignored="0" total="4" passed="4" failed="0" skipped="0">
  <reporter-output>
  </reporter-output>
  <suite started-at="2023-07-17T16:24:12 PDT" name="Suite" finished-at="2023-07-17T16:24:18 PDT" duration-ms="5527">
    <groups>
    </groups>
    <test started-at="2023-07-17T16:24:12 PDT" name="Test" finished-at="2023-07-17T16:24:18 PDT" duration-ms="5527">
      <class name="api.test.TestBookingFlow">
        <test-method is-config="true" signature="setup()[pri:0, instance:api.test.TestBookingFlow@26d9b808]" started-at="2023-07-17T16:24:13 PDT" name="setup" finished-at="2023-07-17T16:24:16 PDT" duration-ms="3292" status="PASS">
          <reporter-output>
          </reporter-output>
        </test-method> <!-- setup -->
        <test-method signature="test_CreateBooking()[pri:1, instance:api.test.TestBookingFlow@26d9b808]" started-at="2023-07-17T16:24:16 PDT" name="test_CreateBooking" finished-at="2023-07-17T16:24:17 PDT" duration-ms="490" status="PASS">
          <reporter-output>
          </reporter-output>
        </test-method> <!-- test_CreateBooking -->
        <test-method signature="test_GetBooking()[pri:2, instance:api.test.TestBookingFlow@26d9b808]" started-at="2023-07-17T16:24:17 PDT" name="test_GetBooking" finished-at="2023-07-17T16:24:17 PDT" depends-on-methods="api.test.TestBookingFlow.test_CreateBooking" duration-ms="497" status="PASS">
          <reporter-output>
          </reporter-output>
        </test-method> <!-- test_GetBooking -->
        <test-method signature="test_PartialUpdateBooking()[pri:3, instance:api.test.TestBookingFlow@26d9b808]" started-at="2023-07-17T16:24:17 PDT" name="test_PartialUpdateBooking" finished-at="2023-07-17T16:24:18 PDT" depends-on-methods="api.test.TestBookingFlow.test_CreateBooking" duration-ms="464" status="PASS">
          <reporter-output>
          </reporter-output>
        </test-method> <!-- test_PartialUpdateBooking -->
        <test-method signature="test_DeleteBooking()[pri:4, instance:api.test.TestBookingFlow@26d9b808]" started-at="2023-07-17T16:24:18 PDT" name="test_DeleteBooking" finished-at="2023-07-17T16:24:18 PDT" depends-on-methods="api.test.TestBookingFlow.test_CreateBooking" duration-ms="448" status="PASS">
          <reporter-output>
          </reporter-output>
        </test-method> <!-- test_DeleteBooking -->
      </class> <!-- api.test.TestBookingFlow -->
    </test> <!-- Test -->
  </suite> <!-- Suite -->
</testng-results>
